Build started 2015/10/25 23:19:49.
     1>Project "E:\DEV\cocos2d-x-2.1.5\samples\Cpp\SixGunChess\proj.win32\SixGunChess.win32.vcxproj" on node 2 (build target(s)).
     1>InitializeBuildStatus:
         Creating "Debug.win32\SixGunChess.win32.unsuccessfulbuild" because "AlwaysCreate" was specified.
       ClCompile:
         C:\Program Files\Microsoft Visual Studio 10.0\VC\bin\CL.exe /c /I. /I..\Classes /I"E:\DEV\cocos2d-x-2.1.5\cocos2dx" /I"E:\DEV\cocos2d-x-2.1.5\cocos2dx\include" /I"E:\DEV\cocos2d-x-2.1.5\cocos2dx\kazmath\include" /I"E:\DEV\cocos2d-x-2.1.5\cocos2dx\platform\win32" /I"E:\DEV\cocos2d-x-2.1.5\cocos2dx\platform\third_party\win32" /I"E:\DEV\cocos2d-x-2.1.5\cocos2dx\platform\third_party\win32\OGLES" /I"E:\DEV\cocos2d-x-2.1.5\external" /I"E:\DEV\cocos2d-x-2.1.5\CocosDenshion\include" /ZI /nologo /W3 /WX- /Od /Oy- /D WIN32 /D _WINDOWS /D STRICT /D _CRT_SECURE_NO_WARNINGS /D _SCL_SECURE_NO_WARNINGS_DEBUG /D COCOS2D_DEBUG=1 /D _UNICODE /D UNICODE /Gm /EHsc /RTC1 /MDd /GS /fp:precise /Zc:wchar_t /Zc:forScope /Fo"Debug.win32\\" /Fd"Debug.win32\vc100.pdb" /Gd /TP /wd4267 /wd4251 /wd4244 /analyze- /errorReport:prompt ..\Classes\GameLayer.cpp
         GameLayer.cpp
       ResourceCompile:
         All outputs are up-to-date.
       ManifestResourceCompile:
         All outputs are up-to-date.
       Link:
         C:\Program Files\Microsoft Visual Studio 10.0\VC\bin\link.exe /ERRORREPORT:PROMPT /OUT:"E:\DEV\cocos2d-x-2.1.5\Debug.win32\SixGunChess.win32.exe" /INCREMENTAL /NOLOGO /LIBPATH:"E:\DEV\cocos2d-x-2.1.5\Debug.win32\\" libcocos2d.lib libExtensions.lib opengl32.lib glew32.lib libBox2d.lib libCocosDenshion.lib kernel32.lib user32.lib gdi32.lib winspool.lib comdlg32.lib advapi32.lib shell32.lib ole32.lib oleaut32.lib uuid.lib odbc32.lib odbccp32.lib /MANIFEST /ManifestFile:"Debug.win32\SixGunChess.win32.exe.intermediate.manifest" /MANIFESTUAC:"level='asInvoker' uiAccess='false'" /DEBUG /PDB:"E:\DEV\cocos2d-x-2.1.5\Debug.win32\SixGunChess.win32.pdb" /SUBSYSTEM:WINDOWS /TLBID:1 /DYNAMICBASE /NXCOMPAT /IMPLIB:"E:\DEV\cocos2d-x-2.1.5\Debug.win32\SixGunChess.win32.lib" /MACHINE:X86 Debug.win32\SixGunChess.res
         Debug.win32\SixGunChess.win32.exe.embed.manifest.res
         Debug.win32\AppDelegate.obj
         Debug.win32\GameLayer.obj
         Debug.win32\GameScene.obj
         Debug.win32\SplashScreen.obj
         Debug.win32\WelcomeLayer.obj
         Debug.win32\WelcomeScene.obj
         Debug.win32\main.obj
       Manifest:
         C:\Program Files\Microsoft SDKs\Windows\v7.0A\bin\mt.exe /nologo /verbose /out:"Debug.win32\SixGunChess.win32.exe.embed.manifest" /manifest Debug.win32\SixGunChess.win32.exe.intermediate.manifest
         All outputs are up-to-date.
       LinkEmbedManifest:
         All outputs are up-to-date.
         SixGunChess.win32.vcxproj -> E:\DEV\cocos2d-x-2.1.5\Debug.win32\SixGunChess.win32.exe
       FinalizeBuildStatus:
         Deleting file "Debug.win32\SixGunChess.win32.unsuccessfulbuild".
         Touching "Debug.win32\SixGunChess.win32.lastbuildstate".
     1>Done Building Project "E:\DEV\cocos2d-x-2.1.5\samples\Cpp\SixGunChess\proj.win32\SixGunChess.win32.vcxproj" (build target(s)).

Build succeeded.

Time Elapsed 00:00:06.32
